<?xml version="1.0" encoding="UTF-8"?>
<testsuite xmlns:xsi="http://www.w3.org/2001/XMLSchema-instance" xsi:noNamespaceSchemaLocation="https://maven.apache.org/surefire/maven-surefire-plugin/xsd/surefire-test-report.xsd" name="codingdojo.CustomerSyncTest" time="0.062" tests="1" errors="1" skipped="0" failures="0">
  <properties>
[...]
</properties>
  <testcase name="syncCompanyByExternalId" classname="codingdojo.CustomerSyncTest" time="0.059">
    <error type="java.lang.ExceptionInInitializerError">java.lang.ExceptionInInitializerError
	at codingdojo.CustomerSyncTest.syncCompanyByExternalId(CustomerSyncTest.java:25)
Caused by: java.lang.reflect.InaccessibleObjectException: Unable to make protected final java.lang.Class java.lang.ClassLoader.defineClass(java.lang.String,byte[],int,int,java.security.ProtectionDomain) throws java.lang.ClassFormatError accessible: module java.base does not "opens java.lang" to unnamed module @26d94d14
	at codingdojo.CustomerSyncTest.syncCompanyByExternalId(CustomerSyncTest.java:25)
</error>
  </testcase>
</testsuite>